  Source.cpp
E:\уёба\курсач\учебное\Source.cpp(124,1): warning C4305: аргумент: усечение из "double" в "float"
E:\уёба\курсач\учебное\Source.cpp(126,1): warning C4305: аргумент: усечение из "double" в "float"
E:\уёба\курсач\учебное\Source.cpp(127,37): warning C4244: =: преобразование "float" в "_Ty1", возможна потеря данных
          with
          [
              _Ty1=int
          ]
E:\уёба\курсач\учебное\Source.cpp(127,76): warning C4244: =: преобразование "float" в "_Ty2", возможна потеря данных
          with
          [
              _Ty2=int
          ]
E:\уёба\курсач\учебное\Source.cpp(131,21): warning C4018: <: несоответствие типов со знаком и без знака
E:\уёба\курсач\учебное\Source.cpp(159,21): warning C4018: <: несоответствие типов со знаком и без знака
E:\уёба\курсач\учебное\Source.cpp(167,21): warning C4018: <: несоответствие типов со знаком и без знака
E:\уёба\курсач\учебное\Source.cpp(222,1): warning C4305: аргумент: усечение из "double" в "float"
E:\уёба\курсач\учебное\Source.cpp(229,1): warning C4305: аргумент: усечение из "double" в "float"
E:\уёба\курсач\учебное\Source.cpp(230,1): warning C4305: аргумент: усечение из "double" в "float"
E:\уёба\курсач\учебное\Source.cpp(231,1): warning C4305: аргумент: усечение из "double" в "float"
E:\уёба\курсач\учебное\Source.cpp(234,21): warning C4018: <: несоответствие типов со знаком и без знака
E:\уёба\курсач\учебное\Source.cpp(237,21): warning C4018: <: несоответствие типов со знаком и без знака
E:\уёба\курсач\учебное\Source.cpp(241,21): warning C4018: <: несоответствие типов со знаком и без знака
E:\уёба\курсач\учебное\Source.cpp(254,22): warning C4018: <: несоответствие типов со знаком и без знака
E:\уёба\курсач\учебное\Source.cpp(268,21): warning C4018: <: несоответствие типов со знаком и без знака
E:\уёба\курсач\учебное\Source.cpp(357,23): warning C4018: <: несоответствие типов со знаком и без знака
E:\уёба\курсач\учебное\Source.cpp(361,23): warning C4018: <: несоответствие типов со знаком и без знака
E:\уёба\курсач\учебное\Source.cpp(367,23): warning C4018: <: несоответствие типов со знаком и без знака
E:\уёба\курсач\учебное\Source.cpp(371,23): warning C4018: <: несоответствие типов со знаком и без знака
E:\уёба\курсач\учебное\Source.cpp(377,23): warning C4018: <: несоответствие типов со знаком и без знака
E:\уёба\курсач\учебное\Source.cpp(381,23): warning C4018: <: несоответствие типов со знаком и без знака
E:\уёба\курсач\учебное\Source.cpp(390,23): warning C4018: <: несоответствие типов со знаком и без знака
E:\уёба\курсач\учебное\Source.cpp(394,23): warning C4018: <: несоответствие типов со знаком и без знака
E:\уёба\курсач\учебное\Source.cpp(400,23): warning C4018: <: несоответствие типов со знаком и без знака
E:\уёба\курсач\учебное\Source.cpp(404,23): warning C4018: <: несоответствие типов со знаком и без знака
E:\уёба\курсач\учебное\Source.cpp(410,23): warning C4018: <: несоответствие типов со знаком и без знака
E:\уёба\курсач\учебное\Source.cpp(414,23): warning C4018: <: несоответствие типов со знаком и без знака
E:\уёба\курсач\учебное\Source.cpp(423,23): warning C4018: <: несоответствие типов со знаком и без знака
E:\уёба\курсач\учебное\Source.cpp(427,23): warning C4018: <: несоответствие типов со знаком и без знака
E:\уёба\курсач\учебное\Source.cpp(433,23): warning C4018: <: несоответствие типов со знаком и без знака
E:\уёба\курсач\учебное\Source.cpp(437,23): warning C4018: <: несоответствие типов со знаком и без знака
E:\уёба\курсач\учебное\Source.cpp(443,23): warning C4018: <: несоответствие типов со знаком и без знака
E:\уёба\курсач\учебное\Source.cpp(447,23): warning C4018: <: несоответствие типов со знаком и без знака
E:\уёба\курсач\учебное\Source.cpp(474,41): warning C4244: =: преобразование "float" в "_Ty1", возможна потеря данных
          with
          [
              _Ty1=int
          ]
E:\уёба\курсач\учебное\Source.cpp(474,84): warning C4244: =: преобразование "float" в "_Ty2", возможна потеря данных
          with
          [
              _Ty2=int
          ]
E:\уёба\курсач\учебное\Source.cpp(480,1): warning C4305: аргумент: усечение из "double" в "float"
E:\уёба\курсач\учебное\Source.cpp(484,1): warning C4305: аргумент: усечение из "double" в "float"
E:\уёба\курсач\учебное\Source.cpp(488,1): warning C4305: аргумент: усечение из "double" в "float"
E:\уёба\курсач\учебное\Source.cpp(492,1): warning C4305: аргумент: усечение из "double" в "float"
E:\уёба\курсач\учебное\Source.cpp(527,49): warning C4244: =: преобразование "float" в "_Ty1", возможна потеря данных
          with
          [
              _Ty1=int
          ]
E:\уёба\курсач\учебное\Source.cpp(527,100): warning C4244: =: преобразование "float" в "_Ty2", возможна потеря данных
          with
          [
              _Ty2=int
          ]
E:\уёба\курсач\учебное\Source.cpp(528,46): warning C4244: =: преобразование "float" в "_Ty1", возможна потеря данных
          with
          [
              _Ty1=int
          ]
E:\уёба\курсач\учебное\Source.cpp(528,94): warning C4244: =: преобразование "float" в "_Ty2", возможна потеря данных
          with
          [
              _Ty2=int
          ]
E:\уёба\курсач\учебное\Source.cpp(540,1): warning C4305: аргумент: усечение из "double" в "float"
E:\уёба\курсач\учебное\Source.cpp(540,50): warning C4244: аргумент: преобразование "_Ty2" в "float", возможна потеря данных
          with
          [
              _Ty2=int
          ]
E:\уёба\курсач\учебное\Source.cpp(540,28): warning C4244: аргумент: преобразование "_Ty1" в "float", возможна потеря данных
          with
          [
              _Ty1=int
          ]
E:\уёба\курсач\учебное\Source.cpp(581,17): warning C4244: =: преобразование "int" в "float", возможна потеря данных
E:\уёба\курсач\учебное\Source.cpp(584,18): warning C4244: =: преобразование "int" в "float", возможна потеря данных
E:\уёба\курсач\учебное\Source.cpp(608,27): warning C4244: аргумент: преобразование "float" в "GLsizei", возможна потеря данных
E:\уёба\курсач\учебное\Source.cpp(608,20): warning C4244: аргумент: преобразование "float" в "GLsizei", возможна потеря данных
E:\уёба\курсач\учебное\Source.cpp(625,1): warning C4305: аргумент: усечение из "double" в "GLclampf"
E:\уёба\курсач\учебное\Source.cpp(644,1): warning C4305: аргумент: усечение из "double" в "float"
E:\уёба\курсач\учебное\Source.cpp(645,1): warning C4305: аргумент: усечение из "double" в "float"
E:\уёба\курсач\учебное\Source.cpp(653,1): warning C4305: аргумент: усечение из "double" в "float"
E:\уёба\курсач\учебное\Source.cpp(654,1): warning C4305: аргумент: усечение из "double" в "float"
E:\уёба\курсач\учебное\Source.cpp(655,1): warning C4305: аргумент: усечение из "double" в "float"
E:\уёба\курсач\учебное\Source.cpp(656,1): warning C4305: аргумент: усечение из "double" в "float"
E:\уёба\курсач\учебное\Source.cpp(657,1): warning C4305: аргумент: усечение из "double" в "float"
E:\уёба\курсач\учебное\Source.cpp(658,1): warning C4305: аргумент: усечение из "double" в "float"
E:\уёба\курсач\учебное\Source.cpp(659,1): warning C4305: аргумент: усечение из "double" в "float"
E:\уёба\курсач\учебное\Source.cpp(669,1): warning C4305: аргумент: усечение из "double" в "float"
E:\уёба\курсач\учебное\Source.cpp(678,1): warning C4305: аргумент: усечение из "double" в "float"
E:\уёба\курсач\учебное\Source.cpp(679,1): warning C4305: аргумент: усечение из "double" в "float"
E:\уёба\курсач\учебное\Source.cpp(681,1): warning C4305: аргумент: усечение из "double" в "float"
E:\уёба\курсач\учебное\Source.cpp(682,1): warning C4305: аргумент: усечение из "double" в "float"
E:\уёба\курсач\учебное\Source.cpp(683,1): warning C4305: аргумент: усечение из "double" в "float"
E:\уёба\курсач\учебное\Source.cpp(684,1): warning C4305: аргумент: усечение из "double" в "float"
E:\уёба\курсач\учебное\Source.cpp(685,1): warning C4305: аргумент: усечение из "double" в "float"
E:\уёба\курсач\учебное\Source.cpp(686,1): warning C4305: аргумент: усечение из "double" в "float"
E:\уёба\курсач\учебное\Source.cpp(687,1): warning C4305: аргумент: усечение из "double" в "float"
E:\уёба\курсач\учебное\Source.cpp(688,1): warning C4305: аргумент: усечение из "double" в "float"
E:\уёба\курсач\учебное\Source.cpp(689,1): warning C4305: аргумент: усечение из "double" в "float"
E:\уёба\курсач\учебное\Source.cpp(690,1): warning C4305: аргумент: усечение из "double" в "float"
E:\уёба\курсач\учебное\Source.cpp(692,1): warning C4305: аргумент: усечение из "double" в "float"
E:\уёба\курсач\учебное\Source.cpp(693,1): warning C4305: аргумент: усечение из "double" в "float"
E:\уёба\курсач\учебное\Source.cpp(730,24): warning C4018: <: несоответствие типов со знаком и без знака
E:\уёба\курсач\учебное\Source.cpp(738,22): warning C4018: <: несоответствие типов со знаком и без знака
E:\уёба\курсач\учебное\Source.cpp(782,22): warning C4018: <: несоответствие типов со знаком и без знака
E:\уёба\курсач\учебное\Source.cpp(787,1): warning C4305: аргумент: усечение из "double" в "float"
E:\уёба\курсач\учебное\Source.cpp(788,1): warning C4305: аргумент: усечение из "double" в "float"
E:\уёба\курсач\учебное\Source.cpp(789,1): warning C4305: аргумент: усечение из "double" в "float"
E:\уёба\курсач\учебное\Source.cpp(828,13): warning C4244: =: преобразование "int" в "float", возможна потеря данных
E:\уёба\курсач\учебное\Source.cpp(829,13): warning C4244: =: преобразование "int" в "float", возможна потеря данных
E:\уёба\курсач\учебное\Source.cpp(833,12): warning C4244: =: преобразование "int" в "float", возможна потеря данных
E:\уёба\курсач\учебное\Source.cpp(834,12): warning C4244: =: преобразование "int" в "float", возможна потеря данных
E:\уёба\курсач\учебное\Source.cpp(860,1): warning C4305: аргумент: усечение из "double" в "float"
E:\уёба\курсач\учебное\Source.cpp(862,1): warning C4305: аргумент: усечение из "double" в "float"
E:\уёба\курсач\учебное\Source.cpp(863,1): warning C4305: аргумент: усечение из "double" в "float"
E:\уёба\курсач\учебное\Source.cpp(868,1): warning C4305: аргумент: усечение из "double" в "float"
E:\уёба\курсач\учебное\Source.cpp(869,1): warning C4305: аргумент: усечение из "double" в "float"
E:\уёба\курсач\учебное\Source.cpp(870,1): warning C4305: аргумент: усечение из "double" в "float"
E:\уёба\курсач\учебное\Source.cpp(875,1): warning C4305: аргумент: усечение из "double" в "float"
E:\уёба\курсач\учебное\Source.cpp(876,1): warning C4305: аргумент: усечение из "double" в "float"
E:\уёба\курсач\учебное\Source.cpp(877,1): warning C4305: аргумент: усечение из "double" в "float"
E:\уёба\курсач\учебное\Source.cpp(974,12): warning C4244: аргумент: преобразование "time_t" в "unsigned int", возможна потеря данных
C:\Program Files (x86)\Microsoft Visual Studio\2019\Community\VC\Tools\MSVC\14.27.29110\include\utility(248,16): warning C4244: инициализация: преобразование "_Ty" в "_Ty1", возможна потеря данных
          with
          [
              _Ty=float
          ]
          and
          [
              _Ty1=int
          ]
E:\уёба\курсач\учебное\Source.cpp(459): message : выполняется компиляция ссылки на экземпляр шаблон функции "std::pair<int,int>::pair<float,float,0>(std::pair<float,float> &&) noexcept"
E:\уёба\курсач\учебное\Source.cpp(459): message : выполняется компиляция ссылки на экземпляр шаблон функции "std::pair<int,int>::pair<float,float,0>(std::pair<float,float> &&) noexcept"
C:\Program Files (x86)\Microsoft Visual Studio\2019\Community\VC\Tools\MSVC\14.27.29110\include\utility(248,1): warning C4244: инициализация: преобразование "_Ty" в "_Ty2", возможна потеря данных
          with
          [
              _Ty=float
          ]
          and
          [
              _Ty2=int
          ]
  учебное.vcxproj -> E:\уёба\курсач\учебное\Debug\учебное.exe
